状態 104 conflicts: 1 shift/reduce


文法

    0 $accept: program $end

    1 program: ext_declaration
    2        | program ext_declaration

    3 ext_declaration: declaration
    4                | funct_def

    5 declaration: INT declarator_list ';'

    6 declarator_list: declarator
    7                | declarator_list ',' declarator

    8 declarator: IDENTIFIER

    9 funct_def: INT declarator '(' param_type_list_opt ')' comp_state

   10 param_type_list_opt: /* 空 */
   11                    | param_type_list

   12 param_type_list: param_declaration
   13                | param_type_list ',' param_declaration

   14 param_declaration: INT declarator

   15 state: ';'
   16      | expr ';'
   17      | comp_state
   18      | IF '(' expr ')' state
   19      | IF '(' expr ')' state ELSE state
   20      | WHILE '(' expr ')' state
   21      | RETURN expr ';'

   22 comp_state: '{' declaration_list_opt state_list_opt '}'

   23 declaration_list_opt: /* 空 */
   24                     | declaration_list

   25 state_list_opt: /* 空 */
   26               | state_list

   27 declaration_list: declaration
   28                 | declaration_list declaration

   29 state_list: state
   30           | state_list state

   31 expr: assign_expr
   32     | expr ',' assign_expr

   33 assign_expr: logical_OR_expr
   34            | IDENTIFIER ASSIGN assign_expr

   35 logical_OR_expr: logical_AND_expr
   36                | logical_OR_expr OR logical_AND_expr

   37 logical_AND_expr: equality_expr
   38                 | logical_AND_expr AND equality_expr

   39 equality_expr: relation_expr
   40              | equality_expr EQ relation_expr
   41              | equality_expr NE relation_expr

   42 relation_expr: add_expr
   43              | relation_expr LT add_expr
   44              | relation_expr MT add_expr
   45              | relation_expr ELT add_expr
   46              | relation_expr EMT add_expr

   47 add_expr: mult_expr
   48         | add_expr PLUS mult_expr
   49         | add_expr MINUS mult_expr

   50 mult_expr: unary_expr
   51          | mult_expr TIMES unary_expr
   52          | mult_expr DIV unary_expr

   53 unary_expr: postfix_expr
   54           | MINUS unary_expr

   55 postfix_expr: prim_expr
   56             | IDENTIFIER '(' argu_expr_list_opt ')'

   57 argu_expr_list_opt: /* 空 */
   58                   | argu_expr_list

   59 prim_expr: IDENTIFIER
   60          | CONST
   61          | '(' expr ')'

   62 argu_expr_list: assign_expr
   63               | argu_expr_list ',' assign_expr


出現位置の規則による終端

$end (0) 0
'(' (40) 9 18 19 20 56 61
')' (41) 9 18 19 20 56 61
',' (44) 7 13 32 63
';' (59) 5 15 16 21
'{' (123) 22
'}' (125) 22
error (256)
CONST (258) 60
IDENTIFIER (259) 8 34 56 59
INT (260) 5 9 14
IF (261) 18 19
ELSE (262) 19
WHILE (263) 20
RETURN (264) 21
PLUS (265) 48
MINUS (266) 49 54
TIMES (267) 51
DIV (268) 52
ASSIGN (269) 34
OR (270) 36
AND (271) 38
EQ (272) 40
NE (273) 41
LT (274) 43
MT (275) 44
ELT (276) 45
EMT (277) 46


出現位置の規則による非終端

$accept (29)
    左辺: 0
program (30)
    左辺: 1 2, 右辺: 0 2
ext_declaration (31)
    左辺: 3 4, 右辺: 1 2
declaration (32)
    左辺: 5, 右辺: 3 27 28
declarator_list (33)
    左辺: 6 7, 右辺: 5 7
declarator (34)
    左辺: 8, 右辺: 6 7 9 14
funct_def (35)
    左辺: 9, 右辺: 4
param_type_list_opt (36)
    左辺: 10 11, 右辺: 9
param_type_list (37)
    左辺: 12 13, 右辺: 11 13
param_declaration (38)
    左辺: 14, 右辺: 12 13
state (39)
    左辺: 15 16 17 18 19 20 21, 右辺: 18 19 20 29 30
comp_state (40)
    左辺: 22, 右辺: 9 17
declaration_list_opt (41)
    左辺: 23 24, 右辺: 22
state_list_opt (42)
    左辺: 25 26, 右辺: 22
declaration_list (43)
    左辺: 27 28, 右辺: 24 28
state_list (44)
    左辺: 29 30, 右辺: 26 30
expr (45)
    左辺: 31 32, 右辺: 16 18 19 20 21 32 61
assign_expr (46)
    左辺: 33 34, 右辺: 31 32 34 62 63
logical_OR_expr (47)
    左辺: 35 36, 右辺: 33 36
logical_AND_expr (48)
    左辺: 37 38, 右辺: 35 36 38
equality_expr (49)
    左辺: 39 40 41, 右辺: 37 38 40 41
relation_expr (50)
    左辺: 42 43 44 45 46, 右辺: 39 40 41 43 44 45 46
add_expr (51)
    左辺: 47 48 49, 右辺: 42 43 44 45 46 48 49
mult_expr (52)
    左辺: 50 51 52, 右辺: 47 48 49 51 52
unary_expr (53)
    左辺: 53 54, 右辺: 50 51 52 54
postfix_expr (54)
    左辺: 55 56, 右辺: 53
argu_expr_list_opt (55)
    左辺: 57 58, 右辺: 56
prim_expr (56)
    左辺: 59 60 61, 右辺: 55
argu_expr_list (57)
    左辺: 62 63, 右辺: 58 63


状態 0

    0 $accept: . program $end

    INT  shift, and go to state 1

    program          go to state 2
    ext_declaration  go to state 3
    declaration      go to state 4
    funct_def        go to state 5


状態 1

    5 declaration: INT . declarator_list ';'
    9 funct_def: INT . declarator '(' param_type_list_opt ')' comp_state

    IDENTIFIER  shift, and go to state 6

    declarator_list  go to state 7
    declarator       go to state 8


状態 2

    0 $accept: program . $end
    2 program: program . ext_declaration

    $end  shift, and go to state 9
    INT   shift, and go to state 1

    ext_declaration  go to state 10
    declaration      go to state 4
    funct_def        go to state 5


状態 3

    1 program: ext_declaration .

    $default  reduce using rule 1 (program)


状態 4

    3 ext_declaration: declaration .

    $default  reduce using rule 3 (ext_declaration)


状態 5

    4 ext_declaration: funct_def .

    $default  reduce using rule 4 (ext_declaration)


状態 6

    8 declarator: IDENTIFIER .

    $default  reduce using rule 8 (declarator)


状態 7

    5 declaration: INT declarator_list . ';'
    7 declarator_list: declarator_list . ',' declarator

    ';'  shift, and go to state 11
    ','  shift, and go to state 12


状態 8

    6 declarator_list: declarator .
    9 funct_def: INT declarator . '(' param_type_list_opt ')' comp_state

    '('  shift, and go to state 13

    $default  reduce using rule 6 (declarator_list)


状態 9

    0 $accept: program $end .

    $default  accept


状態 10

    2 program: program ext_declaration .

    $default  reduce using rule 2 (program)


状態 11

    5 declaration: INT declarator_list ';' .

    $default  reduce using rule 5 (declaration)


状態 12

    7 declarator_list: declarator_list ',' . declarator

    IDENTIFIER  shift, and go to state 6

    declarator  go to state 14


状態 13

    9 funct_def: INT declarator '(' . param_type_list_opt ')' comp_state

    INT  shift, and go to state 15

    $default  reduce using rule 10 (param_type_list_opt)

    param_type_list_opt  go to state 16
    param_type_list      go to state 17
    param_declaration    go to state 18


状態 14

    7 declarator_list: declarator_list ',' declarator .

    $default  reduce using rule 7 (declarator_list)


状態 15

   14 param_declaration: INT . declarator

    IDENTIFIER  shift, and go to state 6

    declarator  go to state 19


状態 16

    9 funct_def: INT declarator '(' param_type_list_opt . ')' comp_state

    ')'  shift, and go to state 20


状態 17

   11 param_type_list_opt: param_type_list .
   13 param_type_list: param_type_list . ',' param_declaration

    ','  shift, and go to state 21

    $default  reduce using rule 11 (param_type_list_opt)


状態 18

   12 param_type_list: param_declaration .

    $default  reduce using rule 12 (param_type_list)


状態 19

   14 param_declaration: INT declarator .

    $default  reduce using rule 14 (param_declaration)


状態 20

    9 funct_def: INT declarator '(' param_type_list_opt ')' . comp_state

    '{'  shift, and go to state 22

    comp_state  go to state 23


状態 21

   13 param_type_list: param_type_list ',' . param_declaration

    INT  shift, and go to state 15

    param_declaration  go to state 24


状態 22

   22 comp_state: '{' . declaration_list_opt state_list_opt '}'

    INT  shift, and go to state 25

    $default  reduce using rule 23 (declaration_list_opt)

    declaration           go to state 26
    declaration_list_opt  go to state 27
    declaration_list      go to state 28


状態 23

    9 funct_def: INT declarator '(' param_type_list_opt ')' comp_state .

    $default  reduce using rule 9 (funct_def)


状態 24

   13 param_type_list: param_type_list ',' param_declaration .

    $default  reduce using rule 13 (param_type_list)


状態 25

    5 declaration: INT . declarator_list ';'

    IDENTIFIER  shift, and go to state 6

    declarator_list  go to state 7
    declarator       go to state 29


状態 26

   27 declaration_list: declaration .

    $default  reduce using rule 27 (declaration_list)


状態 27

   22 comp_state: '{' declaration_list_opt . state_list_opt '}'

    CONST       shift, and go to state 30
    IDENTIFIER  shift, and go to state 31
    IF          shift, and go to state 32
    WHILE       shift, and go to state 33
    RETURN      shift, and go to state 34
    MINUS       shift, and go to state 35
    ';'         shift, and go to state 36
    '('         shift, and go to state 37
    '{'         shift, and go to state 22

    $default  reduce using rule 25 (state_list_opt)

    state             go to state 38
    comp_state        go to state 39
    state_list_opt    go to state 40
    state_list        go to state 41
    expr              go to state 42
    assign_expr       go to state 43
    logical_OR_expr   go to state 44
    logical_AND_expr  go to state 45
    equality_expr     go to state 46
    relation_expr     go to state 47
    add_expr          go to state 48
    mult_expr         go to state 49
    unary_expr        go to state 50
    postfix_expr      go to state 51
    prim_expr         go to state 52


状態 28

   24 declaration_list_opt: declaration_list .
   28 declaration_list: declaration_list . declaration

    INT  shift, and go to state 25

    $default  reduce using rule 24 (declaration_list_opt)

    declaration  go to state 53


状態 29

    6 declarator_list: declarator .

    $default  reduce using rule 6 (declarator_list)


状態 30

   60 prim_expr: CONST .

    $default  reduce using rule 60 (prim_expr)


状態 31

   34 assign_expr: IDENTIFIER . ASSIGN assign_expr
   56 postfix_expr: IDENTIFIER . '(' argu_expr_list_opt ')'
   59 prim_expr: IDENTIFIER .

    ASSIGN  shift, and go to state 54
    '('     shift, and go to state 55

    $default  reduce using rule 59 (prim_expr)


状態 32

   18 state: IF . '(' expr ')' state
   19      | IF . '(' expr ')' state ELSE state

    '('  shift, and go to state 56


状態 33

   20 state: WHILE . '(' expr ')' state

    '('  shift, and go to state 57


状態 34

   21 state: RETURN . expr ';'

    CONST       shift, and go to state 30
    IDENTIFIER  shift, and go to state 31
    MINUS       shift, and go to state 35
    '('         shift, and go to state 37

    expr              go to state 58
    assign_expr       go to state 43
    logical_OR_expr   go to state 44
    logical_AND_expr  go to state 45
    equality_expr     go to state 46
    relation_expr     go to state 47
    add_expr          go to state 48
    mult_expr         go to state 49
    unary_expr        go to state 50
    postfix_expr      go to state 51
    prim_expr         go to state 52


状態 35

   54 unary_expr: MINUS . unary_expr

    CONST       shift, and go to state 30
    IDENTIFIER  shift, and go to state 59
    MINUS       shift, and go to state 35
    '('         shift, and go to state 37

    unary_expr    go to state 60
    postfix_expr  go to state 51
    prim_expr     go to state 52


状態 36

   15 state: ';' .

    $default  reduce using rule 15 (state)


状態 37

   61 prim_expr: '(' . expr ')'

    CONST       shift, and go to state 30
    IDENTIFIER  shift, and go to state 31
    MINUS       shift, and go to state 35
    '('         shift, and go to state 37

    expr              go to state 61
    assign_expr       go to state 43
    logical_OR_expr   go to state 44
    logical_AND_expr  go to state 45
    equality_expr     go to state 46
    relation_expr     go to state 47
    add_expr          go to state 48
    mult_expr         go to state 49
    unary_expr        go to state 50
    postfix_expr      go to state 51
    prim_expr         go to state 52


状態 38

   29 state_list: state .

    $default  reduce using rule 29 (state_list)


状態 39

   17 state: comp_state .

    $default  reduce using rule 17 (state)


状態 40

   22 comp_state: '{' declaration_list_opt state_list_opt . '}'

    '}'  shift, and go to state 62


状態 41

   26 state_list_opt: state_list .
   30 state_list: state_list . state

    CONST       shift, and go to state 30
    IDENTIFIER  shift, and go to state 31
    IF          shift, and go to state 32
    WHILE       shift, and go to state 33
    RETURN      shift, and go to state 34
    MINUS       shift, and go to state 35
    ';'         shift, and go to state 36
    '('         shift, and go to state 37
    '{'         shift, and go to state 22

    $default  reduce using rule 26 (state_list_opt)

    state             go to state 63
    comp_state        go to state 39
    expr              go to state 42
    assign_expr       go to state 43
    logical_OR_expr   go to state 44
    logical_AND_expr  go to state 45
    equality_expr     go to state 46
    relation_expr     go to state 47
    add_expr          go to state 48
    mult_expr         go to state 49
    unary_expr        go to state 50
    postfix_expr      go to state 51
    prim_expr         go to state 52


状態 42

   16 state: expr . ';'
   32 expr: expr . ',' assign_expr

    ';'  shift, and go to state 64
    ','  shift, and go to state 65


状態 43

   31 expr: assign_expr .

    $default  reduce using rule 31 (expr)


状態 44

   33 assign_expr: logical_OR_expr .
   36 logical_OR_expr: logical_OR_expr . OR logical_AND_expr

    OR  shift, and go to state 66

    $default  reduce using rule 33 (assign_expr)


状態 45

   35 logical_OR_expr: logical_AND_expr .
   38 logical_AND_expr: logical_AND_expr . AND equality_expr

    AND  shift, and go to state 67

    $default  reduce using rule 35 (logical_OR_expr)


状態 46

   37 logical_AND_expr: equality_expr .
   40 equality_expr: equality_expr . EQ relation_expr
   41              | equality_expr . NE relation_expr

    EQ  shift, and go to state 68
    NE  shift, and go to state 69

    $default  reduce using rule 37 (logical_AND_expr)


状態 47

   39 equality_expr: relation_expr .
   43 relation_expr: relation_expr . LT add_expr
   44              | relation_expr . MT add_expr
   45              | relation_expr . ELT add_expr
   46              | relation_expr . EMT add_expr

    LT   shift, and go to state 70
    MT   shift, and go to state 71
    ELT  shift, and go to state 72
    EMT  shift, and go to state 73

    $default  reduce using rule 39 (equality_expr)


状態 48

   42 relation_expr: add_expr .
   48 add_expr: add_expr . PLUS mult_expr
   49         | add_expr . MINUS mult_expr

    PLUS   shift, and go to state 74
    MINUS  shift, and go to state 75

    $default  reduce using rule 42 (relation_expr)


状態 49

   47 add_expr: mult_expr .
   51 mult_expr: mult_expr . TIMES unary_expr
   52          | mult_expr . DIV unary_expr

    TIMES  shift, and go to state 76
    DIV    shift, and go to state 77

    $default  reduce using rule 47 (add_expr)


状態 50

   50 mult_expr: unary_expr .

    $default  reduce using rule 50 (mult_expr)


状態 51

   53 unary_expr: postfix_expr .

    $default  reduce using rule 53 (unary_expr)


状態 52

   55 postfix_expr: prim_expr .

    $default  reduce using rule 55 (postfix_expr)


状態 53

   28 declaration_list: declaration_list declaration .

    $default  reduce using rule 28 (declaration_list)


状態 54

   34 assign_expr: IDENTIFIER ASSIGN . assign_expr

    CONST       shift, and go to state 30
    IDENTIFIER  shift, and go to state 31
    MINUS       shift, and go to state 35
    '('         shift, and go to state 37

    assign_expr       go to state 78
    logical_OR_expr   go to state 44
    logical_AND_expr  go to state 45
    equality_expr     go to state 46
    relation_expr     go to state 47
    add_expr          go to state 48
    mult_expr         go to state 49
    unary_expr        go to state 50
    postfix_expr      go to state 51
    prim_expr         go to state 52


状態 55

   56 postfix_expr: IDENTIFIER '(' . argu_expr_list_opt ')'

    CONST       shift, and go to state 30
    IDENTIFIER  shift, and go to state 31
    MINUS       shift, and go to state 35
    '('         shift, and go to state 37

    $default  reduce using rule 57 (argu_expr_list_opt)

    assign_expr         go to state 79
    logical_OR_expr     go to state 44
    logical_AND_expr    go to state 45
    equality_expr       go to state 46
    relation_expr       go to state 47
    add_expr            go to state 48
    mult_expr           go to state 49
    unary_expr          go to state 50
    postfix_expr        go to state 51
    argu_expr_list_opt  go to state 80
    prim_expr           go to state 52
    argu_expr_list      go to state 81


状態 56

   18 state: IF '(' . expr ')' state
   19      | IF '(' . expr ')' state ELSE state

    CONST       shift, and go to state 30
    IDENTIFIER  shift, and go to state 31
    MINUS       shift, and go to state 35
    '('         shift, and go to state 37

    expr              go to state 82
    assign_expr       go to state 43
    logical_OR_expr   go to state 44
    logical_AND_expr  go to state 45
    equality_expr     go to state 46
    relation_expr     go to state 47
    add_expr          go to state 48
    mult_expr         go to state 49
    unary_expr        go to state 50
    postfix_expr      go to state 51
    prim_expr         go to state 52


状態 57

   20 state: WHILE '(' . expr ')' state

    CONST       shift, and go to state 30
    IDENTIFIER  shift, and go to state 31
    MINUS       shift, and go to state 35
    '('         shift, and go to state 37

    expr              go to state 83
    assign_expr       go to state 43
    logical_OR_expr   go to state 44
    logical_AND_expr  go to state 45
    equality_expr     go to state 46
    relation_expr     go to state 47
    add_expr          go to state 48
    mult_expr         go to state 49
    unary_expr        go to state 50
    postfix_expr      go to state 51
    prim_expr         go to state 52


状態 58

   21 state: RETURN expr . ';'
   32 expr: expr . ',' assign_expr

    ';'  shift, and go to state 84
    ','  shift, and go to state 65


状態 59

   56 postfix_expr: IDENTIFIER . '(' argu_expr_list_opt ')'
   59 prim_expr: IDENTIFIER .

    '('  shift, and go to state 55

    $default  reduce using rule 59 (prim_expr)


状態 60

   54 unary_expr: MINUS unary_expr .

    $default  reduce using rule 54 (unary_expr)


状態 61

   32 expr: expr . ',' assign_expr
   61 prim_expr: '(' expr . ')'

    ','  shift, and go to state 65
    ')'  shift, and go to state 85


状態 62

   22 comp_state: '{' declaration_list_opt state_list_opt '}' .

    $default  reduce using rule 22 (comp_state)


状態 63

   30 state_list: state_list state .

    $default  reduce using rule 30 (state_list)


状態 64

   16 state: expr ';' .

    $default  reduce using rule 16 (state)


状態 65

   32 expr: expr ',' . assign_expr

    CONST       shift, and go to state 30
    IDENTIFIER  shift, and go to state 31
    MINUS       shift, and go to state 35
    '('         shift, and go to state 37

    assign_expr       go to state 86
    logical_OR_expr   go to state 44
    logical_AND_expr  go to state 45
    equality_expr     go to state 46
    relation_expr     go to state 47
    add_expr          go to state 48
    mult_expr         go to state 49
    unary_expr        go to state 50
    postfix_expr      go to state 51
    prim_expr         go to state 52


状態 66

   36 logical_OR_expr: logical_OR_expr OR . logical_AND_expr

    CONST       shift, and go to state 30
    IDENTIFIER  shift, and go to state 59
    MINUS       shift, and go to state 35
    '('         shift, and go to state 37

    logical_AND_expr  go to state 87
    equality_expr     go to state 46
    relation_expr     go to state 47
    add_expr          go to state 48
    mult_expr         go to state 49
    unary_expr        go to state 50
    postfix_expr      go to state 51
    prim_expr         go to state 52


状態 67

   38 logical_AND_expr: logical_AND_expr AND . equality_expr

    CONST       shift, and go to state 30
    IDENTIFIER  shift, and go to state 59
    MINUS       shift, and go to state 35
    '('         shift, and go to state 37

    equality_expr  go to state 88
    relation_expr  go to state 47
    add_expr       go to state 48
    mult_expr      go to state 49
    unary_expr     go to state 50
    postfix_expr   go to state 51
    prim_expr      go to state 52


状態 68

   40 equality_expr: equality_expr EQ . relation_expr

    CONST       shift, and go to state 30
    IDENTIFIER  shift, and go to state 59
    MINUS       shift, and go to state 35
    '('         shift, and go to state 37

    relation_expr  go to state 89
    add_expr       go to state 48
    mult_expr      go to state 49
    unary_expr     go to state 50
    postfix_expr   go to state 51
    prim_expr      go to state 52


状態 69

   41 equality_expr: equality_expr NE . relation_expr

    CONST       shift, and go to state 30
    IDENTIFIER  shift, and go to state 59
    MINUS       shift, and go to state 35
    '('         shift, and go to state 37

    relation_expr  go to state 90
    add_expr       go to state 48
    mult_expr      go to state 49
    unary_expr     go to state 50
    postfix_expr   go to state 51
    prim_expr      go to state 52


状態 70

   43 relation_expr: relation_expr LT . add_expr

    CONST       shift, and go to state 30
    IDENTIFIER  shift, and go to state 59
    MINUS       shift, and go to state 35
    '('         shift, and go to state 37

    add_expr      go to state 91
    mult_expr     go to state 49
    unary_expr    go to state 50
    postfix_expr  go to state 51
    prim_expr     go to state 52


状態 71

   44 relation_expr: relation_expr MT . add_expr

    CONST       shift, and go to state 30
    IDENTIFIER  shift, and go to state 59
    MINUS       shift, and go to state 35
    '('         shift, and go to state 37

    add_expr      go to state 92
    mult_expr     go to state 49
    unary_expr    go to state 50
    postfix_expr  go to state 51
    prim_expr     go to state 52


状態 72

   45 relation_expr: relation_expr ELT . add_expr

    CONST       shift, and go to state 30
    IDENTIFIER  shift, and go to state 59
    MINUS       shift, and go to state 35
    '('         shift, and go to state 37

    add_expr      go to state 93
    mult_expr     go to state 49
    unary_expr    go to state 50
    postfix_expr  go to state 51
    prim_expr     go to state 52


状態 73

   46 relation_expr: relation_expr EMT . add_expr

    CONST       shift, and go to state 30
    IDENTIFIER  shift, and go to state 59
    MINUS       shift, and go to state 35
    '('         shift, and go to state 37

    add_expr      go to state 94
    mult_expr     go to state 49
    unary_expr    go to state 50
    postfix_expr  go to state 51
    prim_expr     go to state 52


状態 74

   48 add_expr: add_expr PLUS . mult_expr

    CONST       shift, and go to state 30
    IDENTIFIER  shift, and go to state 59
    MINUS       shift, and go to state 35
    '('         shift, and go to state 37

    mult_expr     go to state 95
    unary_expr    go to state 50
    postfix_expr  go to state 51
    prim_expr     go to state 52


状態 75

   49 add_expr: add_expr MINUS . mult_expr

    CONST       shift, and go to state 30
    IDENTIFIER  shift, and go to state 59
    MINUS       shift, and go to state 35
    '('         shift, and go to state 37

    mult_expr     go to state 96
    unary_expr    go to state 50
    postfix_expr  go to state 51
    prim_expr     go to state 52


状態 76

   51 mult_expr: mult_expr TIMES . unary_expr

    CONST       shift, and go to state 30
    IDENTIFIER  shift, and go to state 59
    MINUS       shift, and go to state 35
    '('         shift, and go to state 37

    unary_expr    go to state 97
    postfix_expr  go to state 51
    prim_expr     go to state 52


状態 77

   52 mult_expr: mult_expr DIV . unary_expr

    CONST       shift, and go to state 30
    IDENTIFIER  shift, and go to state 59
    MINUS       shift, and go to state 35
    '('         shift, and go to state 37

    unary_expr    go to state 98
    postfix_expr  go to state 51
    prim_expr     go to state 52


状態 78

   34 assign_expr: IDENTIFIER ASSIGN assign_expr .

    $default  reduce using rule 34 (assign_expr)


状態 79

   62 argu_expr_list: assign_expr .

    $default  reduce using rule 62 (argu_expr_list)


状態 80

   56 postfix_expr: IDENTIFIER '(' argu_expr_list_opt . ')'

    ')'  shift, and go to state 99


状態 81

   58 argu_expr_list_opt: argu_expr_list .
   63 argu_expr_list: argu_expr_list . ',' assign_expr

    ','  shift, and go to state 100

    $default  reduce using rule 58 (argu_expr_list_opt)


状態 82

   18 state: IF '(' expr . ')' state
   19      | IF '(' expr . ')' state ELSE state
   32 expr: expr . ',' assign_expr

    ','  shift, and go to state 65
    ')'  shift, and go to state 101


状態 83

   20 state: WHILE '(' expr . ')' state
   32 expr: expr . ',' assign_expr

    ','  shift, and go to state 65
    ')'  shift, and go to state 102


状態 84

   21 state: RETURN expr ';' .

    $default  reduce using rule 21 (state)


状態 85

   61 prim_expr: '(' expr ')' .

    $default  reduce using rule 61 (prim_expr)


状態 86

   32 expr: expr ',' assign_expr .

    $default  reduce using rule 32 (expr)


状態 87

   36 logical_OR_expr: logical_OR_expr OR logical_AND_expr .
   38 logical_AND_expr: logical_AND_expr . AND equality_expr

    AND  shift, and go to state 67

    $default  reduce using rule 36 (logical_OR_expr)


状態 88

   38 logical_AND_expr: logical_AND_expr AND equality_expr .
   40 equality_expr: equality_expr . EQ relation_expr
   41              | equality_expr . NE relation_expr

    EQ  shift, and go to state 68
    NE  shift, and go to state 69

    $default  reduce using rule 38 (logical_AND_expr)


状態 89

   40 equality_expr: equality_expr EQ relation_expr .
   43 relation_expr: relation_expr . LT add_expr
   44              | relation_expr . MT add_expr
   45              | relation_expr . ELT add_expr
   46              | relation_expr . EMT add_expr

    LT   shift, and go to state 70
    MT   shift, and go to state 71
    ELT  shift, and go to state 72
    EMT  shift, and go to state 73

    $default  reduce using rule 40 (equality_expr)


状態 90

   41 equality_expr: equality_expr NE relation_expr .
   43 relation_expr: relation_expr . LT add_expr
   44              | relation_expr . MT add_expr
   45              | relation_expr . ELT add_expr
   46              | relation_expr . EMT add_expr

    LT   shift, and go to state 70
    MT   shift, and go to state 71
    ELT  shift, and go to state 72
    EMT  shift, and go to state 73

    $default  reduce using rule 41 (equality_expr)


状態 91

   43 relation_expr: relation_expr LT add_expr .
   48 add_expr: add_expr . PLUS mult_expr
   49         | add_expr . MINUS mult_expr

    PLUS   shift, and go to state 74
    MINUS  shift, and go to state 75

    $default  reduce using rule 43 (relation_expr)


状態 92

   44 relation_expr: relation_expr MT add_expr .
   48 add_expr: add_expr . PLUS mult_expr
   49         | add_expr . MINUS mult_expr

    PLUS   shift, and go to state 74
    MINUS  shift, and go to state 75

    $default  reduce using rule 44 (relation_expr)


状態 93

   45 relation_expr: relation_expr ELT add_expr .
   48 add_expr: add_expr . PLUS mult_expr
   49         | add_expr . MINUS mult_expr

    PLUS   shift, and go to state 74
    MINUS  shift, and go to state 75

    $default  reduce using rule 45 (relation_expr)


状態 94

   46 relation_expr: relation_expr EMT add_expr .
   48 add_expr: add_expr . PLUS mult_expr
   49         | add_expr . MINUS mult_expr

    PLUS   shift, and go to state 74
    MINUS  shift, and go to state 75

    $default  reduce using rule 46 (relation_expr)


状態 95

   48 add_expr: add_expr PLUS mult_expr .
   51 mult_expr: mult_expr . TIMES unary_expr
   52          | mult_expr . DIV unary_expr

    TIMES  shift, and go to state 76
    DIV    shift, and go to state 77

    $default  reduce using rule 48 (add_expr)


状態 96

   49 add_expr: add_expr MINUS mult_expr .
   51 mult_expr: mult_expr . TIMES unary_expr
   52          | mult_expr . DIV unary_expr

    TIMES  shift, and go to state 76
    DIV    shift, and go to state 77

    $default  reduce using rule 49 (add_expr)


状態 97

   51 mult_expr: mult_expr TIMES unary_expr .

    $default  reduce using rule 51 (mult_expr)


状態 98

   52 mult_expr: mult_expr DIV unary_expr .

    $default  reduce using rule 52 (mult_expr)


状態 99

   56 postfix_expr: IDENTIFIER '(' argu_expr_list_opt ')' .

    $default  reduce using rule 56 (postfix_expr)


状態 100

   63 argu_expr_list: argu_expr_list ',' . assign_expr

    CONST       shift, and go to state 30
    IDENTIFIER  shift, and go to state 31
    MINUS       shift, and go to state 35
    '('         shift, and go to state 37

    assign_expr       go to state 103
    logical_OR_expr   go to state 44
    logical_AND_expr  go to state 45
    equality_expr     go to state 46
    relation_expr     go to state 47
    add_expr          go to state 48
    mult_expr         go to state 49
    unary_expr        go to state 50
    postfix_expr      go to state 51
    prim_expr         go to state 52


状態 101

   18 state: IF '(' expr ')' . state
   19      | IF '(' expr ')' . state ELSE state

    CONST       shift, and go to state 30
    IDENTIFIER  shift, and go to state 31
    IF          shift, and go to state 32
    WHILE       shift, and go to state 33
    RETURN      shift, and go to state 34
    MINUS       shift, and go to state 35
    ';'         shift, and go to state 36
    '('         shift, and go to state 37
    '{'         shift, and go to state 22

    state             go to state 104
    comp_state        go to state 39
    expr              go to state 42
    assign_expr       go to state 43
    logical_OR_expr   go to state 44
    logical_AND_expr  go to state 45
    equality_expr     go to state 46
    relation_expr     go to state 47
    add_expr          go to state 48
    mult_expr         go to state 49
    unary_expr        go to state 50
    postfix_expr      go to state 51
    prim_expr         go to state 52


状態 102

   20 state: WHILE '(' expr ')' . state

    CONST       shift, and go to state 30
    IDENTIFIER  shift, and go to state 31
    IF          shift, and go to state 32
    WHILE       shift, and go to state 33
    RETURN      shift, and go to state 34
    MINUS       shift, and go to state 35
    ';'         shift, and go to state 36
    '('         shift, and go to state 37
    '{'         shift, and go to state 22

    state             go to state 105
    comp_state        go to state 39
    expr              go to state 42
    assign_expr       go to state 43
    logical_OR_expr   go to state 44
    logical_AND_expr  go to state 45
    equality_expr     go to state 46
    relation_expr     go to state 47
    add_expr          go to state 48
    mult_expr         go to state 49
    unary_expr        go to state 50
    postfix_expr      go to state 51
    prim_expr         go to state 52


状態 103

   63 argu_expr_list: argu_expr_list ',' assign_expr .

    $default  reduce using rule 63 (argu_expr_list)


状態 104

   18 state: IF '(' expr ')' state .
   19      | IF '(' expr ')' state . ELSE state

    ELSE  shift, and go to state 106

    ELSE      [reduce using rule 18 (state)]
    $default  reduce using rule 18 (state)


状態 105

   20 state: WHILE '(' expr ')' state .

    $default  reduce using rule 20 (state)


状態 106

   19 state: IF '(' expr ')' state ELSE . state

    CONST       shift, and go to state 30
    IDENTIFIER  shift, and go to state 31
    IF          shift, and go to state 32
    WHILE       shift, and go to state 33
    RETURN      shift, and go to state 34
    MINUS       shift, and go to state 35
    ';'         shift, and go to state 36
    '('         shift, and go to state 37
    '{'         shift, and go to state 22

    state             go to state 107
    comp_state        go to state 39
    expr              go to state 42
    assign_expr       go to state 43
    logical_OR_expr   go to state 44
    logical_AND_expr  go to state 45
    equality_expr     go to state 46
    relation_expr     go to state 47
    add_expr          go to state 48
    mult_expr         go to state 49
    unary_expr        go to state 50
    postfix_expr      go to state 51
    prim_expr         go to state 52


状態 107

   19 state: IF '(' expr ')' state ELSE state .

    $default  reduce using rule 19 (state)
